<?xml version="1.0" encoding="UTF-8"?>
<robot generator="Robot 7.4.2 (Python 3.14.3 on win32)" generated="2026-03-27T15:32:15.177372" rpa="false" schemaversion="5">
<suite id="s1" name="Practice" source="C:\RobotFrameWork\Practice.robot">
<test id="s1-t1" name="Handling Checkbox" line="10">
<kw name="Open Browser" owner="SeleniumLibrary">
<msg time="2026-03-27T15:32:15.333084" level="INFO">Opening browser 'chrome' to base url 'https://testautomationpractice.blogspot.com/'.</msg>
<arg>${url}</arg>
<arg>chrome</arg>
<doc>Opens a new browser instance to the optional ``url``.</doc>
<status status="PASS" start="2026-03-27T15:32:15.332871" elapsed="5.554363"/>
</kw>
<kw name="Maximize Browser Window" owner="SeleniumLibrary">
<doc>Maximizes current browser window.</doc>
<status status="PASS" start="2026-03-27T15:32:20.888049" elapsed="0.054740"/>
</kw>
<kw name="Sleep" owner="BuiltIn">
<msg time="2026-03-27T15:32:21.944651" level="INFO">Slept 1 second.</msg>
<arg>1s</arg>
<doc>Pauses the test executed for the given time.</doc>
<status status="PASS" start="2026-03-27T15:32:20.943358" elapsed="1.001604"/>
</kw>
<kw name="Click Element" owner="SeleniumLibrary">
<msg time="2026-03-27T15:32:21.949253" level="INFO">Clicking element 'xpath=(//label[@for="days"])'.</msg>
<arg>xpath=(//label[@for="days"])</arg>
<doc>Click the element identified by ``locator``.</doc>
<status status="PASS" start="2026-03-27T15:32:21.945954" elapsed="0.093569"/>
</kw>
<kw name="Page Should Contain Checkbox" owner="SeleniumLibrary">
<msg time="2026-03-27T15:32:22.072681" level="INFO">Current page contains checkbox 'xpath=//input[@id = "sunday"]'.</msg>
<arg>xpath=//input[@id = "sunday"]</arg>
<doc>Verifies checkbox ``locator`` is found from the current page.</doc>
<status status="PASS" start="2026-03-27T15:32:22.039966" elapsed="0.032809"/>
</kw>
<kw name="Select Checkbox" owner="SeleniumLibrary">
<msg time="2026-03-27T15:32:22.073466" level="INFO">Selecting checkbox 'xpath=//input[@id = "sunday"]'.</msg>
<arg>xpath=//input[@id = "sunday"]</arg>
<doc>Selects the checkbox identified by ``locator``.</doc>
<status status="PASS" start="2026-03-27T15:32:22.073180" elapsed="0.063857"/>
</kw>
<kw name="Select Checkbox" owner="SeleniumLibrary">
<msg time="2026-03-27T15:32:22.137812" level="INFO">Selecting checkbox 'xpath=//input[@id = "wednesday"]'.</msg>
<arg>xpath=//input[@id = "wednesday"]</arg>
<doc>Selects the checkbox identified by ``locator``.</doc>
<status status="PASS" start="2026-03-27T15:32:22.137468" elapsed="0.077441"/>
</kw>
<kw name="Sleep" owner="BuiltIn">
<msg time="2026-03-27T15:32:24.216122" level="INFO">Slept 2 seconds.</msg>
<arg>2s</arg>
<doc>Pauses the test executed for the given time.</doc>
<status status="PASS" start="2026-03-27T15:32:22.215285" elapsed="2.001210"/>
</kw>
<kw name="Unselect Checkbox" owner="SeleniumLibrary">
<msg time="2026-03-27T15:32:24.218016" level="INFO">Unselecting checkbox 'xpath=//input[@id = "sunday"]'.</msg>
<arg>xpath=//input[@id = "sunday"]</arg>
<doc>Removes the selection of checkbox identified by ``locator``.</doc>
<status status="PASS" start="2026-03-27T15:32:24.217499" elapsed="0.052799"/>
</kw>
<kw name="Sleep" owner="BuiltIn">
<msg time="2026-03-27T15:32:26.271824" level="INFO">Slept 2 seconds.</msg>
<arg>2s</arg>
<doc>Pauses the test executed for the given time.</doc>
<status status="PASS" start="2026-03-27T15:32:24.270685" elapsed="2.001445"/>
</kw>
<kw name="Click Element" owner="SeleniumLibrary">
<msg time="2026-03-27T15:32:26.273716" level="INFO">Clicking element 'xpath=(//input[@id="female"])'.</msg>
<arg>xpath=(//input[@id="female"])</arg>
<doc>Click the element identified by ``locator``.</doc>
<status status="PASS" start="2026-03-27T15:32:26.273184" elapsed="0.115690"/>
</kw>
<kw name="Sleep" owner="BuiltIn">
<msg time="2026-03-27T15:32:29.389809" level="INFO">Slept 3 seconds.</msg>
<arg>3s</arg>
<doc>Pauses the test executed for the given time.</doc>
<status status="PASS" start="2026-03-27T15:32:26.389295" elapsed="3.000639"/>
</kw>
<kw name="Close Browser" owner="SeleniumLibrary">
<doc>Closes the current browser.</doc>
<status status="PASS" start="2026-03-27T15:32:29.394155" elapsed="2.164959"/>
</kw>
<doc>week checkboxes</doc>
<status status="PASS" start="2026-03-27T15:32:15.332109" elapsed="16.227746"/>
</test>
<doc>week checkboxes</doc>
<status status="PASS" start="2026-03-27T15:32:15.178453" elapsed="16.382641"/>
</suite>
<statistics>
<total>
<stat pass="1" fail="0" skip="0">All Tests</stat>
</total>
<tag>
</tag>
<suite>
<stat name="Practice" id="s1" pass="1" fail="0" skip="0">Practice</stat>
</suite>
</statistics>
<errors>
</errors>
</robot>
