<?xml version="1.0" encoding="UTF-8"?>
<robot generator="Robot 7.4.2 (Python 3.14.3 on win32)" generated="2026-03-27T11:32:59.206148" rpa="false" schemaversion="5">
<suite id="s1" name="New1" source="C:\RobotFrameWork\new1.robot">
<test id="s1-t1" name="Opening Chrome Browser" line="6">
<kw name="Open Browser" owner="SeleniumLibrary">
<msg time="2026-03-27T11:32:59.355127" level="INFO">Opening browser 'chrome' to base url 'https://www.youtube.com/'.</msg>
<arg>https://www.youtube.com/</arg>
<arg>chrome</arg>
<doc>Opens a new browser instance to the optional ``url``.</doc>
<status status="PASS" start="2026-03-27T11:32:59.354955" elapsed="8.884139"/>
</kw>
<kw name="Maximize Browser Window" owner="SeleniumLibrary">
<doc>Maximizes current browser window.</doc>
<status status="PASS" start="2026-03-27T11:33:08.239527" elapsed="0.025904"/>
</kw>
<kw name="Log" owner="BuiltIn">
<msg time="2026-03-27T11:33:08.266264" level="INFO">navigated to youtube</msg>
<arg>navigated to youtube</arg>
<doc>Logs the given message with the given level.</doc>
<status status="PASS" start="2026-03-27T11:33:08.265872" elapsed="0.000480"/>
</kw>
<kw name="Log To Console" owner="BuiltIn">
<arg>navigated to youtube</arg>
<doc>Logs the given message to the console.</doc>
<status status="PASS" start="2026-03-27T11:33:08.266737" elapsed="0.000654"/>
</kw>
<kw name="Sleep" owner="BuiltIn">
<msg time="2026-03-27T11:33:11.270295" level="INFO">Slept 3 seconds.</msg>
<arg>3s</arg>
<doc>Pauses the test executed for the given time.</doc>
<status status="PASS" start="2026-03-27T11:33:08.267850" elapsed="3.002637"/>
</kw>
<kw name="Close Browser" owner="SeleniumLibrary">
<doc>Closes the current browser.</doc>
<status status="PASS" start="2026-03-27T11:33:11.272463" elapsed="2.231682"/>
</kw>
<doc>Chrome Browser navigation to https://www.youtube.com/</doc>
<status status="PASS" start="2026-03-27T11:32:59.354171" elapsed="14.150600"/>
</test>
<doc>opening of browsers</doc>
<status status="PASS" start="2026-03-27T11:32:59.207282" elapsed="14.298815"/>
</suite>
<statistics>
<total>
<stat pass="1" fail="0" skip="0">All Tests</stat>
</total>
<tag>
</tag>
<suite>
<stat name="New1" id="s1" pass="1" fail="0" skip="0">New1</stat>
</suite>
</statistics>
<errors>
</errors>
</robot>
