<?xml version="1.0" encoding="UTF-8"?>
<robot generator="Robot 7.4.2 (Python 3.14.3 on win32)" generated="2026-03-30T12:56:05.512702" rpa="false" schemaversion="5">
<suite id="s1" name="Alerts" source="C:\PyCharm\30March2026\Alerts.robot">
<test id="s1-t1" name="Prompt Alert" line="34">
<kw name="Open Browser" owner="SeleniumLibrary">
<msg time="2026-03-30T12:56:05.671409" level="INFO">Opening browser 'chrome' to base url 'https://the-internet.herokuapp.com/javascript_alerts'.</msg>
<arg>${url}</arg>
<arg>chrome</arg>
<doc>Opens a new browser instance to the optional ``url``.</doc>
<status status="PASS" start="2026-03-30T12:56:05.671192" elapsed="6.302663"/>
</kw>
<kw name="Maximize Browser Window" owner="SeleniumLibrary">
<doc>Maximizes current browser window.</doc>
<status status="PASS" start="2026-03-30T12:56:11.974331" elapsed="0.048885"/>
</kw>
<kw name="Sleep" owner="BuiltIn">
<msg time="2026-03-30T12:56:15.026109" level="INFO">Slept 3 seconds.</msg>
<arg>3s</arg>
<doc>Pauses the test executed for the given time.</doc>
<status status="PASS" start="2026-03-30T12:56:12.024628" elapsed="3.001783"/>
</kw>
<kw name="Click Button" owner="SeleniumLibrary">
<msg time="2026-03-30T12:56:15.028290" level="INFO">Clicking button 'xpath=//button[@onclick="jsPrompt()"]'.</msg>
<arg>xpath=//button[@onclick="jsPrompt()"]</arg>
<doc>Clicks the button identified by ``locator``.</doc>
<status status="PASS" start="2026-03-30T12:56:15.027175" elapsed="0.111946"/>
</kw>
<kw name="Sleep" owner="BuiltIn">
<msg time="2026-03-30T12:56:20.140638" level="INFO">Slept 5 seconds.</msg>
<arg>5s</arg>
<doc>Pauses the test executed for the given time.</doc>
<status status="PASS" start="2026-03-30T12:56:15.139778" elapsed="5.001049"/>
</kw>
<kw name="Input Text Into Alert" owner="SeleniumLibrary">
<arg>khush</arg>
<arg>action=DISMISS</arg>
<doc>Types the given ``text`` into an input field in an alert.</doc>
<status status="PASS" start="2026-03-30T12:56:20.141232" elapsed="0.018851"/>
</kw>
<kw name="Sleep" owner="BuiltIn">
<msg time="2026-03-30T12:56:25.162841" level="INFO">Slept 5 seconds.</msg>
<arg>5s</arg>
<doc>Pauses the test executed for the given time.</doc>
<status status="PASS" start="2026-03-30T12:56:20.161653" elapsed="5.001419"/>
</kw>
<kw name="Close Browser" owner="SeleniumLibrary">
<doc>Closes the current browser.</doc>
<status status="PASS" start="2026-03-30T12:56:25.163721" elapsed="2.258612"/>
</kw>
<status status="PASS" start="2026-03-30T12:56:05.670466" elapsed="21.752474"/>
</test>
<status status="PASS" start="2026-03-30T12:56:05.514181" elapsed="21.909871"/>
</suite>
<statistics>
<total>
<stat pass="1" fail="0" skip="0">All Tests</stat>
</total>
<tag>
</tag>
<suite>
<stat name="Alerts" id="s1" pass="1" fail="0" skip="0">Alerts</stat>
</suite>
</statistics>
<errors>
</errors>
</robot>
