<?xml version="1.0" encoding="UTF-8"?>
<robot generator="Robot 7.4.2 (Python 3.14.3 on win32)" generated="2026-03-27T12:47:48.712398" rpa="false" schemaversion="5">
<suite id="s1" name="Open headless" source="C:\RobotFrameWork\Open_headless.robot">
<test id="s1-t1" name="Opening Chrome Browser" line="6">
<kw name="Open Browser" owner="SeleniumLibrary">
<msg time="2026-03-27T12:47:48.901526" level="INFO">Opening browser 'headlesschrome' to base url 'https://www.youtube.com/'.</msg>
<arg>https://www.youtube.com/</arg>
<arg>headlesschrome</arg>
<doc>Opens a new browser instance to the optional ``url``.</doc>
<status status="PASS" start="2026-03-27T12:47:48.901336" elapsed="5.573431"/>
</kw>
<kw name="Maximize Browser Window" owner="SeleniumLibrary">
<doc>Maximizes current browser window.</doc>
<status status="PASS" start="2026-03-27T12:47:54.475474" elapsed="3.080843"/>
</kw>
<kw name="Log" owner="BuiltIn">
<msg time="2026-03-27T12:47:57.557741" level="INFO">navigated to youtube</msg>
<arg>navigated to youtube</arg>
<doc>Logs the given message with the given level.</doc>
<status status="PASS" start="2026-03-27T12:47:57.557104" elapsed="0.000745"/>
</kw>
<kw name="Log To Console" owner="BuiltIn">
<arg>navigated to youtube</arg>
<doc>Logs the given message to the console.</doc>
<status status="PASS" start="2026-03-27T12:47:57.558549" elapsed="0.000955"/>
</kw>
<kw name="Sleep" owner="BuiltIn">
<msg time="2026-03-27T12:48:00.560836" level="INFO">Slept 3 seconds.</msg>
<arg>3s</arg>
<doc>Pauses the test executed for the given time.</doc>
<status status="PASS" start="2026-03-27T12:47:57.560013" elapsed="3.001024"/>
</kw>
<kw name="Close Browser" owner="SeleniumLibrary">
<doc>Closes the current browser.</doc>
<status status="PASS" start="2026-03-27T12:48:00.561647" elapsed="2.242618"/>
</kw>
<doc>Chrome headless Browser navigation to https://www.youtube.com/</doc>
<status status="PASS" start="2026-03-27T12:47:48.900564" elapsed="13.904300"/>
</test>
<doc>opening of browsers</doc>
<status status="PASS" start="2026-03-27T12:47:48.714068" elapsed="14.091889"/>
</suite>
<statistics>
<total>
<stat pass="1" fail="0" skip="0">All Tests</stat>
</total>
<tag>
</tag>
<suite>
<stat name="Open headless" id="s1" pass="1" fail="0" skip="0">Open headless</stat>
</suite>
</statistics>
<errors>
</errors>
</robot>
