<?xml version="1.0" encoding="UTF-8"?>
<robot generator="Robot 7.4.2 (Python 3.14.3 on win32)" generated="2026-03-30T11:37:42.468675" rpa="false" schemaversion="5">
<suite id="s1" name="Task2" source="C:\PyCharm\30March2026\Task2.robot">
<test id="s1-t1" name="Handling single iframe" line="8">
<kw name="Open Browser" owner="SeleniumLibrary">
<msg time="2026-03-30T11:37:42.623086" level="INFO">Opening browser 'chrome' to base url 'https://demo.automationtesting.in/Frames.html'.</msg>
<arg>${url}</arg>
<arg>chrome</arg>
<doc>Opens a new browser instance to the optional ``url``.</doc>
<status status="PASS" start="2026-03-30T11:37:42.622800" elapsed="4.241662"/>
</kw>
<kw name="Maximize Browser Window" owner="SeleniumLibrary">
<doc>Maximizes current browser window.</doc>
<status status="PASS" start="2026-03-30T11:37:46.865628" elapsed="0.051670"/>
</kw>
<kw name="Sleep" owner="BuiltIn">
<msg time="2026-03-30T11:37:49.920319" level="INFO">Slept 3 seconds.</msg>
<arg>3s</arg>
<doc>Pauses the test executed for the given time.</doc>
<status status="PASS" start="2026-03-30T11:37:46.917857" elapsed="3.002683"/>
</kw>
<kw name="Click Element" owner="SeleniumLibrary">
<msg time="2026-03-30T11:37:49.922124" level="INFO">Clicking element 'xpath=//a[@href="#Multiple"]'.</msg>
<arg>xpath=//a[@href="#Multiple"]</arg>
<doc>Click the element identified by ``locator``.</doc>
<status status="PASS" start="2026-03-30T11:37:49.921589" elapsed="0.112584"/>
</kw>
<kw name="Select Frame" owner="SeleniumLibrary">
<msg time="2026-03-30T11:37:50.035457" level="INFO">Selecting frame 'xpath=//iframe[@src="MultipleFrames.html"]'.</msg>
<arg>xpath=//iframe[@src="MultipleFrames.html"]</arg>
<doc>Sets frame identified by ``locator`` as the current frame.</doc>
<status status="PASS" start="2026-03-30T11:37:50.034691" elapsed="0.031588"/>
</kw>
<kw name="Select Frame" owner="SeleniumLibrary">
<msg time="2026-03-30T11:37:50.066923" level="INFO">Selecting frame 'xpath=//iframe[@src="SingleFrame.html"]'.</msg>
<arg>xpath=//iframe[@src="SingleFrame.html"]</arg>
<doc>Sets frame identified by ``locator`` as the current frame.</doc>
<status status="PASS" start="2026-03-30T11:37:50.066714" elapsed="0.025036"/>
</kw>
<kw name="Input Text" owner="SeleniumLibrary">
<msg time="2026-03-30T11:37:50.092362" level="INFO">Typing text 'KhushbuJain' into text field 'xpath=//input[@type="text"]'.</msg>
<arg>xpath=//input[@type="text"]</arg>
<arg>KhushbuJain</arg>
<doc>Types the given ``text`` into the text field identified by ``locator``.</doc>
<status status="PASS" start="2026-03-30T11:37:50.092133" elapsed="0.090117"/>
</kw>
<kw name="Sleep" owner="BuiltIn">
<msg time="2026-03-30T11:37:53.184451" level="INFO">Slept 3 seconds.</msg>
<arg>3s</arg>
<doc>Pauses the test executed for the given time.</doc>
<status status="PASS" start="2026-03-30T11:37:50.182922" elapsed="3.001865"/>
</kw>
<kw name="Close Browser" owner="SeleniumLibrary">
<doc>Closes the current browser.</doc>
<status status="PASS" start="2026-03-30T11:37:53.185883" elapsed="2.191028"/>
</kw>
<status status="PASS" start="2026-03-30T11:37:42.621645" elapsed="12.755730"/>
</test>
<status status="PASS" start="2026-03-30T11:37:42.469954" elapsed="12.908122"/>
</suite>
<statistics>
<total>
<stat pass="1" fail="0" skip="0">All Tests</stat>
</total>
<tag>
</tag>
<suite>
<stat name="Task2" id="s1" pass="1" fail="0" skip="0">Task2</stat>
</suite>
</statistics>
<errors>
</errors>
</robot>
