<?xml version="1.0" encoding="UTF-8"?>
<robot generator="Robot 7.4.2 (Python 3.14.3 on win32)" generated="2026-03-27T12:54:26.020323" rpa="false" schemaversion="5">
<suite id="s1" name="Opening grouping" source="C:\RobotFrameWork\Opening_grouping.robot">
<test id="s1-t1" name="Opening Chrome headless Browser" line="6">
<kw name="Open Browser" owner="SeleniumLibrary">
<msg time="2026-03-27T12:54:26.179144" level="INFO">Opening browser 'headlesschrome' to base url 'https://www.youtube.com/'.</msg>
<arg>https://www.youtube.com/</arg>
<arg>headlesschrome</arg>
<doc>Opens a new browser instance to the optional ``url``.</doc>
<status status="PASS" start="2026-03-27T12:54:26.178957" elapsed="6.428445"/>
</kw>
<kw name="Maximize Browser Window" owner="SeleniumLibrary">
<doc>Maximizes current browser window.</doc>
<status status="PASS" start="2026-03-27T12:54:32.607951" elapsed="0.028137"/>
</kw>
<kw name="Log" owner="BuiltIn">
<msg time="2026-03-27T12:54:32.637855" level="INFO">navigated to youtube</msg>
<arg>navigated to youtube</arg>
<doc>Logs the given message with the given level.</doc>
<status status="PASS" start="2026-03-27T12:54:32.636886" elapsed="0.001106"/>
</kw>
<kw name="Log To Console" owner="BuiltIn">
<arg>navigated to youtube</arg>
<doc>Logs the given message to the console.</doc>
<status status="PASS" start="2026-03-27T12:54:32.638438" elapsed="0.000621"/>
</kw>
<kw name="Sleep" owner="BuiltIn">
<msg time="2026-03-27T12:54:35.640354" level="INFO">Slept 3 seconds.</msg>
<arg>3s</arg>
<doc>Pauses the test executed for the given time.</doc>
<status status="PASS" start="2026-03-27T12:54:32.639404" elapsed="3.001113"/>
</kw>
<kw name="Close Browser" owner="SeleniumLibrary">
<doc>Closes the current browser.</doc>
<status status="PASS" start="2026-03-27T12:54:35.641104" elapsed="2.274361"/>
</kw>
<doc>Chrome headless Browser navigation to https://www.youtube.com/</doc>
<tag>smoke</tag>
<status status="PASS" start="2026-03-27T12:54:26.178173" elapsed="11.740267"/>
</test>
<doc>opening of browsers</doc>
<status status="PASS" start="2026-03-27T12:54:26.021810" elapsed="11.899260"/>
</suite>
<statistics>
<total>
<stat pass="1" fail="0" skip="0">All Tests</stat>
</total>
<tag>
<stat pass="1" fail="0" skip="0">smoke</stat>
</tag>
<suite>
<stat name="Opening grouping" id="s1" pass="1" fail="0" skip="0">Opening grouping</stat>
</suite>
</statistics>
<errors>
</errors>
</robot>
