<?xml version="1.0" encoding="UTF-8"?>
<robot generator="Robot 7.4.2 (Python 3.14.3 on win32)" generated="2026-03-27T12:44:42.761758" rpa="false" schemaversion="5">
<suite id="s1" name="Open Edge" source="C:\RobotFrameWork\Open_Edge.robot">
<test id="s1-t1" name="Opening Edge Browser" line="6">
<kw name="Open Browser" owner="SeleniumLibrary">
<msg time="2026-03-27T12:44:42.990167" level="INFO">Opening browser 'edge' to base url 'https://www.youtube.com/'.</msg>
<arg>https://www.youtube.com/</arg>
<arg>edge</arg>
<doc>Opens a new browser instance to the optional ``url``.</doc>
<status status="PASS" start="2026-03-27T12:44:42.989977" elapsed="10.588648"/>
</kw>
<kw name="Maximize Browser Window" owner="SeleniumLibrary">
<doc>Maximizes current browser window.</doc>
<status status="PASS" start="2026-03-27T12:44:53.579165" elapsed="0.262142"/>
</kw>
<kw name="Log" owner="BuiltIn">
<msg time="2026-03-27T12:44:53.842667" level="INFO">navigated to youtube</msg>
<arg>navigated to youtube</arg>
<doc>Logs the given message with the given level.</doc>
<status status="PASS" start="2026-03-27T12:44:53.842006" elapsed="0.000800"/>
</kw>
<kw name="Log To Console" owner="BuiltIn">
<arg>navigated to youtube</arg>
<doc>Logs the given message to the console.</doc>
<status status="PASS" start="2026-03-27T12:44:53.843458" elapsed="0.000665"/>
</kw>
<kw name="Sleep" owner="BuiltIn">
<msg time="2026-03-27T12:44:56.846347" level="INFO">Slept 3 seconds.</msg>
<arg>3s</arg>
<doc>Pauses the test executed for the given time.</doc>
<status status="PASS" start="2026-03-27T12:44:53.844568" elapsed="3.001986"/>
</kw>
<kw name="Close Browser" owner="SeleniumLibrary">
<doc>Closes the current browser.</doc>
<status status="PASS" start="2026-03-27T12:44:56.847091" elapsed="2.296870"/>
</kw>
<doc>Edge Browser navigation to https://www.youtube.com/</doc>
<status status="PASS" start="2026-03-27T12:44:42.989226" elapsed="16.155507"/>
</test>
<doc>opening of browsers</doc>
<status status="PASS" start="2026-03-27T12:44:42.763272" elapsed="16.382858"/>
</suite>
<statistics>
<total>
<stat pass="1" fail="0" skip="0">All Tests</stat>
</total>
<tag>
</tag>
<suite>
<stat name="Open Edge" id="s1" pass="1" fail="0" skip="0">Open Edge</stat>
</suite>
</statistics>
<errors>
</errors>
</robot>
