<?xml version="1.0" encoding="UTF-8"?>
<robot generator="Robot 7.4.2 (Python 3.14.3 on win32)" generated="2026-03-27T14:51:57.983579" rpa="false" schemaversion="5">
<suite id="s1" name="Opening Keywords" source="C:\RobotFrameWork\Opening_Keywords.robot">
<test id="s1-t1" name="Open youtube in edge" line="5">
<kw name="Open Edge Browser">
<kw name="Open Browser" owner="SeleniumLibrary">
<msg time="2026-03-27T14:51:58.197717" level="INFO">Opening browser 'edge' to base url 'https://www.youtube.com/'.</msg>
<arg>https://www.youtube.com/</arg>
<arg>edge</arg>
<doc>Opens a new browser instance to the optional ``url``.</doc>
<status status="PASS" start="2026-03-27T14:51:58.197528" elapsed="17.281091"/>
</kw>
<kw name="Maximize Browser Window" owner="SeleniumLibrary">
<doc>Maximizes current browser window.</doc>
<status status="PASS" start="2026-03-27T14:52:15.478936" elapsed="0.073568"/>
</kw>
<kw name="Log" owner="BuiltIn">
<msg time="2026-03-27T14:52:15.553371" level="INFO">navigated to youtube</msg>
<arg>navigated to youtube</arg>
<doc>Logs the given message with the given level.</doc>
<status status="PASS" start="2026-03-27T14:52:15.552782" elapsed="0.000689"/>
</kw>
<kw name="Log To Console" owner="BuiltIn">
<arg>navigated to youtube</arg>
<doc>Logs the given message to the console.</doc>
<status status="PASS" start="2026-03-27T14:52:15.553883" elapsed="0.000708"/>
</kw>
<kw name="Sleep" owner="BuiltIn">
<msg time="2026-03-27T14:52:18.556512" level="INFO">Slept 3 seconds.</msg>
<arg>3s</arg>
<doc>Pauses the test executed for the given time.</doc>
<status status="PASS" start="2026-03-27T14:52:15.554825" elapsed="3.001990"/>
</kw>
<kw name="Close Browser" owner="SeleniumLibrary">
<doc>Closes the current browser.</doc>
<status status="PASS" start="2026-03-27T14:52:18.557501" elapsed="2.391173"/>
</kw>
<doc>Edge Browser navigation to https://www.youtube.com/</doc>
<status status="PASS" start="2026-03-27T14:51:58.196954" elapsed="22.751969"/>
</kw>
<status status="PASS" start="2026-03-27T14:51:58.196301" elapsed="22.753260"/>
</test>
<status status="PASS" start="2026-03-27T14:51:57.985028" elapsed="22.965720"/>
</suite>
<statistics>
<total>
<stat pass="1" fail="0" skip="0">All Tests</stat>
</total>
<tag>
</tag>
<suite>
<stat name="Opening Keywords" id="s1" pass="1" fail="0" skip="0">Opening Keywords</stat>
</suite>
</statistics>
<errors>
</errors>
</robot>
