<?xml version="1.0" encoding="UTF-8"?>
<robot generator="Robot 7.4.2 (Python 3.14.3 on win32)" generated="2026-03-27T12:45:37.443883" rpa="false" schemaversion="5">
<suite id="s1" name="Open Firefox" source="C:\RobotFrameWork\Open_Firefox.robot">
<test id="s1-t1" name="Opening Firefox Browser" line="6">
<kw name="Open Browser" owner="SeleniumLibrary">
<msg time="2026-03-27T12:45:37.607715" level="INFO">Opening browser 'firefox' to base url 'https://www.youtube.com/'.</msg>
<arg>https://www.youtube.com/</arg>
<arg>firefox</arg>
<doc>Opens a new browser instance to the optional ``url``.</doc>
<status status="PASS" start="2026-03-27T12:45:37.607525" elapsed="14.201684"/>
</kw>
<kw name="Maximize Browser Window" owner="SeleniumLibrary">
<doc>Maximizes current browser window.</doc>
<status status="PASS" start="2026-03-27T12:45:51.811481" elapsed="0.003017"/>
</kw>
<kw name="Log" owner="BuiltIn">
<msg time="2026-03-27T12:45:51.816080" level="INFO">navigated to youtube</msg>
<arg>navigated to youtube</arg>
<doc>Logs the given message with the given level.</doc>
<status status="PASS" start="2026-03-27T12:45:51.815154" elapsed="0.001117"/>
</kw>
<kw name="Log To Console" owner="BuiltIn">
<arg>navigated to youtube</arg>
<doc>Logs the given message to the console.</doc>
<status status="PASS" start="2026-03-27T12:45:51.818148" elapsed="0.007045"/>
</kw>
<kw name="Sleep" owner="BuiltIn">
<msg time="2026-03-27T12:45:54.827373" level="INFO">Slept 3 seconds.</msg>
<arg>3s</arg>
<doc>Pauses the test executed for the given time.</doc>
<status status="PASS" start="2026-03-27T12:45:51.826034" elapsed="3.001464"/>
</kw>
<kw name="Close Browser" owner="SeleniumLibrary">
<doc>Closes the current browser.</doc>
<status status="PASS" start="2026-03-27T12:45:54.828242" elapsed="3.429801"/>
</kw>
<doc>Firefox Browser navigation to https://www.youtube.com/</doc>
<status status="PASS" start="2026-03-27T12:45:37.606596" elapsed="20.651779"/>
</test>
<doc>opening of browsers</doc>
<status status="PASS" start="2026-03-27T12:45:37.445284" elapsed="20.813928"/>
</suite>
<statistics>
<total>
<stat pass="1" fail="0" skip="0">All Tests</stat>
</total>
<tag>
</tag>
<suite>
<stat name="Open Firefox" id="s1" pass="1" fail="0" skip="0">Open Firefox</stat>
</suite>
</statistics>
<errors>
</errors>
</robot>
